<?xml version="1.0" encoding="UTF-8"?>
<testsuite xmlns:xsi="http://www.w3.org/2001/XMLSchema-instance" xsi:noNamespaceSchemaLocation="https://maven.apache.org/surefire/maven-surefire-plugin/xsd/surefire-test-report.xsd" version="3.0.2" name="org.example.TemperatureConverterTest" time="0.178" tests="3" errors="0" skipped="0" failures="0">
  <properties>
[...]
</properties>
  <testcase name="testFahrenheitToCelsius" classname="org.example.TemperatureConverterTest" time="0.103"/>
  <testcase name="testCelsiusToFahrenheit" classname="org.example.TemperatureConverterTest" time="0.002"/>
  <testcase name="testIsExtremeTemperature" classname="org.example.TemperatureConverterTest" time="0.004"/>
</testsuite>